# JRE version: Java(TM) SE Runtime Environment (8.0_112-b15) (build 1.8.0_112-b15)
# Java VM: Java HotSpot(TM) 64-Bit Server VM (25.112-b15 mixed mode windows-amd64 compressed oops)
Heap:
 PSYoungGen      total 221184K, used 194028K [0x000000076b180000, 0x0000000779300000, 0x00000007c0000000)
  eden space 212992K, 87% used [0x000000076b180000,0x00000007767430e0,0x0000000778180000)
  from space 8192K, 96% used [0x0000000778b00000,0x00000007792b7f30,0x0000000779300000)
  to   space 8192K, 0% used [0x0000000778300000,0x0000000778300000,0x0000000778b00000)
 ParOldGen       total 126976K, used 7700K [0x00000006c1400000, 0x00000006c9000000, 0x000000076b180000)
  object space 126976K, 6% used [0x00000006c1400000,0x00000006c1b850d8,0x00000006c9000000)
 Metaspace       used 27924K, capacity 28868K, committed 29232K, reserved 1075200K
  class space    used 3815K, capacity 4034K, committed 4144K, reserved 1048576K
GC Heap History (10 events):
Event: 60.552 GC heap before
{Heap before GC invocations=7 (full 1):
 PSYoungGen      total 96256K, used 93343K [0x000000076b180000, 0x0000000773780000, 0x00000007c0000000)
  eden space 85504K, 100% used [0x000000076b180000,0x0000000770500000,0x0000000770500000)
  from space 10752K, 72% used [0x0000000770500000,0x0000000770ca7f30,0x0000000770f80000)
  to   space 8192K, 0% used [0x0000000772f80000,0x0000000772f80000,0x0000000773780000)
 ParOldGen       total 126976K, used 7676K [0x00000006c1400000, 0x00000006c9000000, 0x000000076b180000)
  object space 126976K, 6% used [0x00000006c1400000,0x00000006c1b7f0d8,0x00000006c9000000)
 Metaspace       used 25995K, capacity 26884K, committed 27184K, reserved 1073152K
  class space    used 3621K, capacity 3842K, committed 3888K, reserved 1048576K
Event: 60.556 GC heap after
Heap after GC invocations=7 (full 1):
 PSYoungGen      total 129024K, used 7839K [0x000000076b180000, 0x0000000773980000, 0x00000007c0000000)
  eden space 120832K, 0% used [0x000000076b180000,0x000000076b180000,0x0000000772780000)
  from space 8192K, 95% used [0x0000000772f80000,0x0000000773727f30,0x0000000773780000)
  to   space 8192K, 0% used [0x0000000772780000,0x0000000772780000,0x0000000772f80000)
 ParOldGen       total 126976K, used 7684K [0x00000006c1400000, 0x00000006c9000000, 0x000000076b180000)
  object space 126976K, 6% used [0x00000006c1400000,0x00000006c1b810d8,0x00000006c9000000)
 Metaspace       used 25995K, capacity 26884K, committed 27184K, reserved 1073152K
  class space    used 3621K, capacity 3842K, committed 3888K, reserved 1048576K
}
Event: 60.783 GC heap before
{Heap before GC invocations=8 (full 1):
 PSYoungGen      total 129024K, used 128671K [0x000000076b180000, 0x0000000773980000, 0x00000007c0000000)
  eden space 120832K, 100% used [0x000000076b180000,0x0000000772780000,0x0000000772780000)
  from space 8192K, 95% used [0x0000000772f80000,0x0000000773727f30,0x0000000773780000)
  to   space 8192K, 0% used [0x0000000772780000,0x0000000772780000,0x0000000772f80000)
 ParOldGen       total 126976K, used 7684K [0x00000006c1400000, 0x00000006c9000000, 0x000000076b180000)
  object space 126976K, 6% used [0x00000006c1400000,0x00000006c1b810d8,0x00000006c9000000)
 Metaspace       used 25995K, capacity 26884K, committed 27184K, reserved 1073152K
  class space    used 3621K, capacity 3842K, committed 3888K, reserved 1048576K
Event: 60.786 GC heap after
Heap after GC invocations=8 (full 1):
 PSYoungGen      total 129024K, used 7839K [0x000000076b180000, 0x0000000776a00000, 0x00000007c0000000)
  eden space 120832K, 0% used [0x000000076b180000,0x000000076b180000,0x0000000772780000)
  from space 8192K, 95% used [0x0000000772780000,0x0000000772f27f30,0x0000000772f80000)
  to   space 8192K, 0% used [0x0000000776200000,0x0000000776200000,0x0000000776a00000)
 ParOldGen       total 126976K, used 7684K [0x00000006c1400000, 0x00000006c9000000, 0x000000076b180000)
  object space 126976K, 6% used [0x00000006c1400000,0x00000006c1b810d8,0x00000006c9000000)
 Metaspace       used 25995K, capacity 26884K, committed 27184K, reserved 1073152K
  class space    used 3621K, capacity 3842K, committed 3888K, reserved 1048576K
}
Event: 61.002 GC heap before
{Heap before GC invocations=9 (full 1):
 PSYoungGen      total 129024K, used 128671K [0x000000076b180000, 0x0000000776a00000, 0x00000007c0000000)
  eden space 120832K, 100% used [0x000000076b180000,0x0000000772780000,0x0000000772780000)
  from space 8192K, 95% used [0x0000000772780000,0x0000000772f27f30,0x0000000772f80000)
  to   space 8192K, 0% used [0x0000000776200000,0x0000000776200000,0x0000000776a00000)
 ParOldGen       total 126976K, used 7684K [0x00000006c1400000, 0x00000006c9000000, 0x000000076b180000)
  object space 126976K, 6% used [0x00000006c1400000,0x00000006c1b810d8,0x00000006c9000000)
 Metaspace       used 25999K, capacity 26948K, committed 27184K, reserved 1073152K
  class space    used 3621K, capacity 3842K, committed 3888K, reserved 1048576K
Event: 61.006 GC heap after
Heap after GC invocations=9 (full 1):
 PSYoungGen      total 180736K, used 7871K [0x000000076b180000, 0x0000000776a00000, 0x00000007c0000000)
  eden space 172544K, 0% used [0x000000076b180000,0x000000076b180000,0x0000000775a00000)
  from space 8192K, 96% used [0x0000000776200000,0x00000007769aff30,0x0000000776a00000)
  to   space 8192K, 0% used [0x0000000775a00000,0x0000000775a00000,0x0000000776200000)
 ParOldGen       total 126976K, used 7692K [0x00000006c1400000, 0x00000006c9000000, 0x000000076b180000)
  object space 126976K, 6% used [0x00000006c1400000,0x00000006c1b830d8,0x00000006c9000000)
 Metaspace       used 25999K, capacity 26948K, committed 27184K, reserved 1073152K
  class space    used 3621K, capacity 3842K, committed 3888K, reserved 1048576K
}
Event: 61.325 GC heap before
{Heap before GC invocations=10 (full 1):
 PSYoungGen      total 180736K, used 180415K [0x000000076b180000, 0x0000000776a00000, 0x00000007c0000000)
  eden space 172544K, 100% used [0x000000076b180000,0x0000000775a00000,0x0000000775a00000)
  from space 8192K, 96% used [0x0000000776200000,0x00000007769aff30,0x0000000776a00000)
  to   space 8192K, 0% used [0x0000000775a00000,0x0000000775a00000,0x0000000776200000)
 ParOldGen       total 126976K, used 7692K [0x00000006c1400000, 0x00000006c9000000, 0x000000076b180000)
  object space 126976K, 6% used [0x00000006c1400000,0x00000006c1b830d8,0x00000006c9000000)
 Metaspace       used 25999K, capacity 26948K, committed 27184K, reserved 1073152K
  class space    used 3621K, capacity 3842K, committed 3888K, reserved 1048576K
Event: 61.329 GC heap after
Heap after GC invocations=10 (full 1):
 PSYoungGen      total 180736K, used 7839K [0x000000076b180000, 0x0000000779300000, 0x00000007c0000000)
  eden space 172544K, 0% used [0x000000076b180000,0x000000076b180000,0x0000000775a00000)
  from space 8192K, 95% used [0x0000000775a00000,0x00000007761a7f30,0x0000000776200000)
  to   space 8192K, 0% used [0x0000000778b00000,0x0000000778b00000,0x0000000779300000)
 ParOldGen       total 126976K, used 7692K [0x00000006c1400000, 0x00000006c9000000, 0x000000076b180000)
  object space 126976K, 6% used [0x00000006c1400000,0x00000006c1b830d8,0x00000006c9000000)
 Metaspace       used 25999K, capacity 26948K, committed 27184K, reserved 1073152K
  class space    used 3621K, capacity 3842K, committed 3888K, reserved 1048576K
}
Event: 61.661 GC heap before
{Heap before GC invocations=11 (full 1):
 PSYoungGen      total 180736K, used 180383K [0x000000076b180000, 0x0000000779300000, 0x00000007c0000000)
  eden space 172544K, 100% used [0x000000076b180000,0x0000000775a00000,0x0000000775a00000)
  from space 8192K, 95% used [0x0000000775a00000,0x00000007761a7f30,0x0000000776200000)
  to   space 8192K, 0% used [0x0000000778b00000,0x0000000778b00000,0x0000000779300000)
 ParOldGen       total 126976K, used 7692K [0x00000006c1400000, 0x00000006c9000000, 0x000000076b180000)
  object space 126976K, 6% used [0x00000006c1400000,0x00000006c1b830d8,0x00000006c9000000)
 Metaspace       used 26048K, capacity 26948K, committed 27184K, reserved 1073152K
  class space    used 3621K, capacity 3842K, committed 3888K, reserved 1048576K
Event: 61.665 GC heap after
Heap after GC invocations=11 (full 1):
 PSYoungGen      total 221184K, used 7903K [0x000000076b180000, 0x0000000779300000, 0x00000007c0000000)
  eden space 212992K, 0% used [0x000000076b180000,0x000000076b180000,0x0000000778180000)
  from space 8192K, 96% used [0x0000000778b00000,0x00000007792b7f30,0x0000000779300000)
  to   space 8192K, 0% used [0x0000000778300000,0x0000000778300000,0x0000000778b00000)
 ParOldGen       total 126976K, used 7700K [0x00000006c1400000, 0x00000006c9000000, 0x000000076b180000)
  object space 126976K, 6% used [0x00000006c1400000,0x00000006c1b850d8,0x00000006c9000000)
 Metaspace       used 26048K, capacity 26948K, committed 27184K, reserved 1073152K
  class space    used 3621K, capacity 3842K, committed 3888K, reserved 1048576K
}

