# JRE version: Java(TM) SE Runtime Environment (8.0_112-b15) (build 1.8.0_112-b15)
# Java VM: Java HotSpot(TM) 64-Bit Server VM (25.112-b15 mixed mode windows-amd64 compressed oops)
Heap:
 PSYoungGen      total 239104K, used 173885K [0x000000076b180000, 0x000000077ab00000, 0x00000007c0000000)
  eden space 227840K, 71% used [0x000000076b180000,0x00000007750c9338,0x0000000779000000)
  from space 11264K, 95% used [0x000000077a000000,0x000000077aa862b8,0x000000077ab00000)
  to   space 11776K, 0% used [0x0000000779400000,0x0000000779400000,0x0000000779f80000)
 ParOldGen       total 126976K, used 7707K [0x00000006c1400000, 0x00000006c9000000, 0x000000076b180000)
  object space 126976K, 6% used [0x00000006c1400000,0x00000006c1b86c20,0x00000006c9000000)
 Metaspace       used 28039K, capacity 28938K, committed 29232K, reserved 1075200K
  class space    used 3814K, capacity 4035K, committed 4144K, reserved 1048576K
GC Heap History (10 events):
Event: 92.181 GC heap before
{Heap before GC invocations=7 (full 1):
 PSYoungGen      total 96768K, used 95903K [0x000000076b180000, 0x0000000774280000, 0x00000007c0000000)
  eden space 86016K, 100% used [0x000000076b180000,0x0000000770580000,0x0000000770580000)
  from space 10752K, 91% used [0x0000000770580000,0x0000000770f27f40,0x0000000771000000)
  to   space 11776K, 0% used [0x0000000773700000,0x0000000773700000,0x0000000774280000)
 ParOldGen       total 126976K, used 7699K [0x00000006c1400000, 0x00000006c9000000, 0x000000076b180000)
  object space 126976K, 6% used [0x00000006c1400000,0x00000006c1b84c20,0x00000006c9000000)
 Metaspace       used 26088K, capacity 26954K, committed 27184K, reserved 1073152K
  class space    used 3618K, capacity 3843K, committed 3888K, reserved 1048576K
Event: 92.185 GC heap after
Heap after GC invocations=7 (full 1):
 PSYoungGen      total 136704K, used 9901K [0x000000076b180000, 0x0000000774500000, 0x00000007c0000000)
  eden space 124928K, 0% used [0x000000076b180000,0x000000076b180000,0x0000000772b80000)
  from space 11776K, 84% used [0x0000000773700000,0x00000007740ab4c0,0x0000000774280000)
  to   space 11776K, 0% used [0x0000000772b80000,0x0000000772b80000,0x0000000773700000)
 ParOldGen       total 126976K, used 7699K [0x00000006c1400000, 0x00000006c9000000, 0x000000076b180000)
  object space 126976K, 6% used [0x00000006c1400000,0x00000006c1b84c20,0x00000006c9000000)
 Metaspace       used 26088K, capacity 26954K, committed 27184K, reserved 1073152K
  class space    used 3618K, capacity 3843K, committed 3888K, reserved 1048576K
}
Event: 92.409 GC heap before
{Heap before GC invocations=8 (full 1):
 PSYoungGen      total 136704K, used 134829K [0x000000076b180000, 0x0000000774500000, 0x00000007c0000000)
  eden space 124928K, 100% used [0x000000076b180000,0x0000000772b80000,0x0000000772b80000)
  from space 11776K, 84% used [0x0000000773700000,0x00000007740ab4c0,0x0000000774280000)
  to   space 11776K, 0% used [0x0000000772b80000,0x0000000772b80000,0x0000000773700000)
 ParOldGen       total 126976K, used 7699K [0x00000006c1400000, 0x00000006c9000000, 0x000000076b180000)
  object space 126976K, 6% used [0x00000006c1400000,0x00000006c1b84c20,0x00000006c9000000)
 Metaspace       used 26088K, capacity 26954K, committed 27184K, reserved 1073152K
  class space    used 3618K, capacity 3843K, committed 3888K, reserved 1048576K
Event: 92.414 GC heap after
Heap after GC invocations=8 (full 1):
 PSYoungGen      total 136704K, used 9869K [0x000000076b180000, 0x0000000777c00000, 0x00000007c0000000)
  eden space 124928K, 0% used [0x000000076b180000,0x000000076b180000,0x0000000772b80000)
  from space 11776K, 83% used [0x0000000772b80000,0x00000007735234c0,0x0000000773700000)
  to   space 11776K, 0% used [0x0000000777080000,0x0000000777080000,0x0000000777c00000)
 ParOldGen       total 126976K, used 7699K [0x00000006c1400000, 0x00000006c9000000, 0x000000076b180000)
  object space 126976K, 6% used [0x00000006c1400000,0x00000006c1b84c20,0x00000006c9000000)
 Metaspace       used 26088K, capacity 26954K, committed 27184K, reserved 1073152K
  class space    used 3618K, capacity 3843K, committed 3888K, reserved 1048576K
}
Event: 92.628 GC heap before
{Heap before GC invocations=9 (full 1):
 PSYoungGen      total 136704K, used 134797K [0x000000076b180000, 0x0000000777c00000, 0x00000007c0000000)
  eden space 124928K, 100% used [0x000000076b180000,0x0000000772b80000,0x0000000772b80000)
  from space 11776K, 83% used [0x0000000772b80000,0x00000007735234c0,0x0000000773700000)
  to   space 11776K, 0% used [0x0000000777080000,0x0000000777080000,0x0000000777c00000)
 ParOldGen       total 126976K, used 7699K [0x00000006c1400000, 0x00000006c9000000, 0x000000076b180000)
  object space 126976K, 6% used [0x00000006c1400000,0x00000006c1b84c20,0x00000006c9000000)
 Metaspace       used 26090K, capacity 26954K, committed 27184K, reserved 1073152K
  class space    used 3618K, capacity 3843K, committed 3888K, reserved 1048576K
Event: 92.632 GC heap after
Heap after GC invocations=9 (full 1):
 PSYoungGen      total 194560K, used 9951K [0x000000076b180000, 0x0000000777b80000, 0x00000007c0000000)
  eden space 183296K, 0% used [0x000000076b180000,0x000000076b180000,0x0000000776480000)
  from space 11264K, 88% used [0x0000000777080000,0x0000000777a37f40,0x0000000777b80000)
  to   space 11776K, 0% used [0x0000000776480000,0x0000000776480000,0x0000000777000000)
 ParOldGen       total 126976K, used 7699K [0x00000006c1400000, 0x00000006c9000000, 0x000000076b180000)
  object space 126976K, 6% used [0x00000006c1400000,0x00000006c1b84c20,0x00000006c9000000)
 Metaspace       used 26090K, capacity 26954K, committed 27184K, reserved 1073152K
  class space    used 3618K, capacity 3843K, committed 3888K, reserved 1048576K
}
Event: 92.955 GC heap before
{Heap before GC invocations=10 (full 1):
 PSYoungGen      total 194560K, used 193247K [0x000000076b180000, 0x0000000777b80000, 0x00000007c0000000)
  eden space 183296K, 100% used [0x000000076b180000,0x0000000776480000,0x0000000776480000)
  from space 11264K, 88% used [0x0000000777080000,0x0000000777a37f40,0x0000000777b80000)
  to   space 11776K, 0% used [0x0000000776480000,0x0000000776480000,0x0000000777000000)
 ParOldGen       total 126976K, used 7699K [0x00000006c1400000, 0x00000006c9000000, 0x000000076b180000)
  object space 126976K, 6% used [0x00000006c1400000,0x00000006c1b84c20,0x00000006c9000000)
 Metaspace       used 26090K, capacity 26954K, committed 27184K, reserved 1073152K
  class space    used 3618K, capacity 3843K, committed 3888K, reserved 1048576K
Event: 92.960 GC heap after
Heap after GC invocations=10 (full 1):
 PSYoungGen      total 195072K, used 9901K [0x000000076b180000, 0x000000077ab80000, 0x00000007c0000000)
  eden space 183296K, 0% used [0x000000076b180000,0x000000076b180000,0x0000000776480000)
  from space 11776K, 84% used [0x0000000776480000,0x0000000776e2b4c0,0x0000000777000000)
  to   space 11776K, 0% used [0x000000077a000000,0x000000077a000000,0x000000077ab80000)
 ParOldGen       total 126976K, used 7699K [0x00000006c1400000, 0x00000006c9000000, 0x000000076b180000)
  object space 126976K, 6% used [0x00000006c1400000,0x00000006c1b84c20,0x00000006c9000000)
 Metaspace       used 26090K, capacity 26954K, committed 27184K, reserved 1073152K
  class space    used 3618K, capacity 3843K, committed 3888K, reserved 1048576K
}
Event: 93.646 GC heap before
{Heap before GC invocations=11 (full 1):
 PSYoungGen      total 195072K, used 193197K [0x000000076b180000, 0x000000077ab80000, 0x00000007c0000000)
  eden space 183296K, 100% used [0x000000076b180000,0x0000000776480000,0x0000000776480000)
  from space 11776K, 84% used [0x0000000776480000,0x0000000776e2b4c0,0x0000000777000000)
  to   space 11776K, 0% used [0x000000077a000000,0x000000077a000000,0x000000077ab80000)
 ParOldGen       total 126976K, used 7699K [0x00000006c1400000, 0x00000006c9000000, 0x000000076b180000)
  object space 126976K, 6% used [0x00000006c1400000,0x00000006c1b84c20,0x00000006c9000000)
 Metaspace       used 28003K, capacity 28938K, committed 29232K, reserved 1075200K
  class space    used 3813K, capacity 4035K, committed 4144K, reserved 1048576K
Event: 93.650 GC heap after
Heap after GC invocations=11 (full 1):
 PSYoungGen      total 239104K, used 10776K [0x000000076b180000, 0x000000077ab00000, 0x00000007c0000000)
  eden space 227840K, 0% used [0x000000076b180000,0x000000076b180000,0x0000000779000000)
  from space 11264K, 95% used [0x000000077a000000,0x000000077aa862b8,0x000000077ab00000)
  to   space 11776K, 0% used [0x0000000779400000,0x0000000779400000,0x0000000779f80000)
 ParOldGen       total 126976K, used 7707K [0x00000006c1400000, 0x00000006c9000000, 0x000000076b180000)
  object space 126976K, 6% used [0x00000006c1400000,0x00000006c1b86c20,0x00000006c9000000)
 Metaspace       used 28003K, capacity 28938K, committed 29232K, reserved 1075200K
  class space    used 3813K, capacity 4035K, committed 4144K, reserved 1048576K
}

