# JRE version: Java(TM) SE Runtime Environment (8.0_112-b15) (build 1.8.0_112-b15)
# Java VM: Java HotSpot(TM) 64-Bit Server VM (25.112-b15 mixed mode windows-amd64 compressed oops)
Heap:
 PSYoungGen      total 229376K, used 184169K [0x000000076b180000, 0x000000077a280000, 0x00000007c0000000)
  eden space 219136K, 79% used [0x000000076b180000,0x0000000775b92688,0x0000000778780000)
  from space 10240K, 97% used [0x0000000779880000,0x000000077a247f40,0x000000077a280000)
  to   space 11776K, 0% used [0x0000000778b80000,0x0000000778b80000,0x0000000779700000)
 ParOldGen       total 126976K, used 7696K [0x00000006c1400000, 0x00000006c9000000, 0x000000076b180000)
  object space 126976K, 6% used [0x00000006c1400000,0x00000006c1b840a0,0x00000006c9000000)
 Metaspace       used 28186K, capacity 29122K, committed 29232K, reserved 1075200K
  class space    used 3835K, capacity 4077K, committed 4144K, reserved 1048576K
GC Heap History (10 events):
Event: 49.084 GC heap before
{Heap before GC invocations=7 (full 1):
 PSYoungGen      total 95744K, used 94943K [0x000000076b180000, 0x0000000773e80000, 0x00000007c0000000)
  eden space 84992K, 100% used [0x000000076b180000,0x0000000770480000,0x0000000770480000)
  from space 10752K, 92% used [0x0000000770480000,0x0000000770e37f40,0x0000000770f00000)
  to   space 10752K, 0% used [0x0000000773400000,0x0000000773400000,0x0000000773e80000)
 ParOldGen       total 126976K, used 7688K [0x00000006c1400000, 0x00000006c9000000, 0x000000076b180000)
  object space 126976K, 6% used [0x00000006c1400000,0x00000006c1b820a0,0x00000006c9000000)
 Metaspace       used 26264K, capacity 27202K, committed 27440K, reserved 1073152K
  class space    used 3640K, capacity 3885K, committed 3888K, reserved 1048576K
Event: 49.088 GC heap after
Heap after GC invocations=7 (full 1):
 PSYoungGen      total 133120K, used 9983K [0x000000076b180000, 0x0000000774180000, 0x00000007c0000000)
  eden space 122368K, 0% used [0x000000076b180000,0x000000076b180000,0x0000000772900000)
  from space 10752K, 92% used [0x0000000773400000,0x0000000773dbff40,0x0000000773e80000)
  to   space 11264K, 0% used [0x0000000772900000,0x0000000772900000,0x0000000773400000)
 ParOldGen       total 126976K, used 7688K [0x00000006c1400000, 0x00000006c9000000, 0x000000076b180000)
  object space 126976K, 6% used [0x00000006c1400000,0x00000006c1b820a0,0x00000006c9000000)
 Metaspace       used 26264K, capacity 27202K, committed 27440K, reserved 1073152K
  class space    used 3640K, capacity 3885K, committed 3888K, reserved 1048576K
}
Event: 49.309 GC heap before
{Heap before GC invocations=8 (full 1):
 PSYoungGen      total 133120K, used 132351K [0x000000076b180000, 0x0000000774180000, 0x00000007c0000000)
  eden space 122368K, 100% used [0x000000076b180000,0x0000000772900000,0x0000000772900000)
  from space 10752K, 92% used [0x0000000773400000,0x0000000773dbff40,0x0000000773e80000)
  to   space 11264K, 0% used [0x0000000772900000,0x0000000772900000,0x0000000773400000)
 ParOldGen       total 126976K, used 7688K [0x00000006c1400000, 0x00000006c9000000, 0x000000076b180000)
  object space 126976K, 6% used [0x00000006c1400000,0x00000006c1b820a0,0x00000006c9000000)
 Metaspace       used 26264K, capacity 27202K, committed 27440K, reserved 1073152K
  class space    used 3640K, capacity 3885K, committed 3888K, reserved 1048576K
Event: 49.313 GC heap after
Heap after GC invocations=8 (full 1):
 PSYoungGen      total 133632K, used 9951K [0x000000076b180000, 0x0000000777600000, 0x00000007c0000000)
  eden space 122368K, 0% used [0x000000076b180000,0x000000076b180000,0x0000000772900000)
  from space 11264K, 88% used [0x0000000772900000,0x00000007732b7f40,0x0000000773400000)
  to   space 11264K, 0% used [0x0000000776b00000,0x0000000776b00000,0x0000000777600000)
 ParOldGen       total 126976K, used 7688K [0x00000006c1400000, 0x00000006c9000000, 0x000000076b180000)
  object space 126976K, 6% used [0x00000006c1400000,0x00000006c1b820a0,0x00000006c9000000)
 Metaspace       used 26264K, capacity 27202K, committed 27440K, reserved 1073152K
  class space    used 3640K, capacity 3885K, committed 3888K, reserved 1048576K
}
Event: 49.523 GC heap before
{Heap before GC invocations=9 (full 1):
 PSYoungGen      total 133632K, used 132319K [0x000000076b180000, 0x0000000777600000, 0x00000007c0000000)
  eden space 122368K, 100% used [0x000000076b180000,0x0000000772900000,0x0000000772900000)
  from space 11264K, 88% used [0x0000000772900000,0x00000007732b7f40,0x0000000773400000)
  to   space 11264K, 0% used [0x0000000776b00000,0x0000000776b00000,0x0000000777600000)
 ParOldGen       total 126976K, used 7688K [0x00000006c1400000, 0x00000006c9000000, 0x000000076b180000)
  object space 126976K, 6% used [0x00000006c1400000,0x00000006c1b820a0,0x00000006c9000000)
 Metaspace       used 26267K, capacity 27202K, committed 27440K, reserved 1073152K
  class space    used 3640K, capacity 3885K, committed 3888K, reserved 1048576K
Event: 49.527 GC heap after
Heap after GC invocations=9 (full 1):
 PSYoungGen      total 189440K, used 9983K [0x000000076b180000, 0x0000000777680000, 0x00000007c0000000)
  eden space 178176K, 0% used [0x000000076b180000,0x000000076b180000,0x0000000775f80000)
  from space 11264K, 88% used [0x0000000776b00000,0x00000007774bff40,0x0000000777600000)
  to   space 11776K, 0% used [0x0000000775f80000,0x0000000775f80000,0x0000000776b00000)
 ParOldGen       total 126976K, used 7688K [0x00000006c1400000, 0x00000006c9000000, 0x000000076b180000)
  object space 126976K, 6% used [0x00000006c1400000,0x00000006c1b820a0,0x00000006c9000000)
 Metaspace       used 26267K, capacity 27202K, committed 27440K, reserved 1073152K
  class space    used 3640K, capacity 3885K, committed 3888K, reserved 1048576K
}
Event: 49.838 GC heap before
{Heap before GC invocations=10 (full 1):
 PSYoungGen      total 189440K, used 188159K [0x000000076b180000, 0x0000000777680000, 0x00000007c0000000)
  eden space 178176K, 100% used [0x000000076b180000,0x0000000775f80000,0x0000000775f80000)
  from space 11264K, 88% used [0x0000000776b00000,0x00000007774bff40,0x0000000777600000)
  to   space 11776K, 0% used [0x0000000775f80000,0x0000000775f80000,0x0000000776b00000)
 ParOldGen       total 126976K, used 7688K [0x00000006c1400000, 0x00000006c9000000, 0x000000076b180000)
  object space 126976K, 6% used [0x00000006c1400000,0x00000006c1b820a0,0x00000006c9000000)
 Metaspace       used 26267K, capacity 27202K, committed 27440K, reserved 1073152K
  class space    used 3640K, capacity 3885K, committed 3888K, reserved 1048576K
Event: 49.842 GC heap after
Heap after GC invocations=10 (full 1):
 PSYoungGen      total 189952K, used 9983K [0x000000076b180000, 0x000000077a400000, 0x00000007c0000000)
  eden space 178176K, 0% used [0x000000076b180000,0x000000076b180000,0x0000000775f80000)
  from space 11776K, 84% used [0x0000000775f80000,0x000000077693ff40,0x0000000776b00000)
  to   space 11776K, 0% used [0x0000000779880000,0x0000000779880000,0x000000077a400000)
 ParOldGen       total 126976K, used 7688K [0x00000006c1400000, 0x00000006c9000000, 0x000000076b180000)
  object space 126976K, 6% used [0x00000006c1400000,0x00000006c1b820a0,0x00000006c9000000)
 Metaspace       used 26267K, capacity 27202K, committed 27440K, reserved 1073152K
  class space    used 3640K, capacity 3885K, committed 3888K, reserved 1048576K
}
Event: 50.940 GC heap before
{Heap before GC invocations=11 (full 1):
 PSYoungGen      total 189952K, used 188159K [0x000000076b180000, 0x000000077a400000, 0x00000007c0000000)
  eden space 178176K, 100% used [0x000000076b180000,0x0000000775f80000,0x0000000775f80000)
  from space 11776K, 84% used [0x0000000775f80000,0x000000077693ff40,0x0000000776b00000)
  to   space 11776K, 0% used [0x0000000779880000,0x0000000779880000,0x000000077a400000)
 ParOldGen       total 126976K, used 7688K [0x00000006c1400000, 0x00000006c9000000, 0x000000076b180000)
  object space 126976K, 6% used [0x00000006c1400000,0x00000006c1b820a0,0x00000006c9000000)
 Metaspace       used 26314K, capacity 27266K, committed 27440K, reserved 1073152K
  class space    used 3640K, capacity 3885K, committed 3888K, reserved 1048576K
Event: 50.944 GC heap after
Heap after GC invocations=11 (full 1):
 PSYoungGen      total 229376K, used 10015K [0x000000076b180000, 0x000000077a280000, 0x00000007c0000000)
  eden space 219136K, 0% used [0x000000076b180000,0x000000076b180000,0x0000000778780000)
  from space 10240K, 97% used [0x0000000779880000,0x000000077a247f40,0x000000077a280000)
  to   space 11776K, 0% used [0x0000000778b80000,0x0000000778b80000,0x0000000779700000)
 ParOldGen       total 126976K, used 7696K [0x00000006c1400000, 0x00000006c9000000, 0x000000076b180000)
  object space 126976K, 6% used [0x00000006c1400000,0x00000006c1b840a0,0x00000006c9000000)
 Metaspace       used 26314K, capacity 27266K, committed 27440K, reserved 1073152K
  class space    used 3640K, capacity 3885K, committed 3888K, reserved 1048576K
}

